2020-04-05 21:53:52,718---alter_case.py---test_01---INFO---25---执行测试用例
2020-04-05 21:57:25,279---alter_case.py---test_01---INFO---25---执行测试用例
2020-04-05 21:59:22,027---alter_case.py---test_01---INFO---25---执行测试用例
2020-04-05 22:00:08,656---register_case.py---setUp---INFO---32---启动浏览器地址：https://sso.kedacom.com
2020-04-05 22:00:38,605---register_case.py---test_add---INFO---50---输入用户名密码进行登录
2020-04-05 22:00:38,605---register_case.py---test_add---INFO---50---输入用户名密码进行登录
2020-04-05 22:00:39,024---register_case.py---tearDown---INFO---43---用例执行结束退出浏览器
2020-04-05 22:00:39,024---register_case.py---tearDown---INFO---43---用例执行结束退出浏览器
2020-04-05 22:00:39,024---register_case.py---tearDown---INFO---43---用例执行结束退出浏览器
2020-04-05 22:00:44,710---register_case.py---setUp---INFO---32---启动浏览器地址：https://sso.kedacom.com
2020-04-05 22:00:44,710---register_case.py---setUp---INFO---32---启动浏览器地址：https://sso.kedacom.com
2020-04-05 22:00:44,710---register_case.py---setUp---INFO---32---启动浏览器地址：https://sso.kedacom.com
2020-04-05 22:00:44,710---register_case.py---setUp---INFO---32---启动浏览器地址：https://sso.kedacom.com
2020-04-05 22:00:45,073---register_case.py---test_add---INFO---50---输入用户名密码进行登录
2020-04-05 22:00:45,073---register_case.py---test_add---INFO---50---输入用户名密码进行登录
2020-04-05 22:00:45,073---register_case.py---test_add---INFO---50---输入用户名密码进行登录
2020-04-05 22:00:45,073---register_case.py---test_add---INFO---50---输入用户名密码进行登录
2020-04-05 22:00:45,073---register_case.py---test_add---INFO---50---输入用户名密码进行登录
2020-04-05 22:00:45,073---register_case.py---tearDown---INFO---43---用例执行结束退出浏览器
2020-04-05 22:00:45,073---register_case.py---tearDown---INFO---43---用例执行结束退出浏览器
2020-04-05 22:00:45,073---register_case.py---tearDown---INFO---43---用例执行结束退出浏览器
2020-04-05 22:00:45,073---register_case.py---tearDown---INFO---43---用例执行结束退出浏览器
2020-04-05 22:00:45,073---register_case.py---tearDown---INFO---43---用例执行结束退出浏览器
2020-04-05 22:00:45,073---register_case.py---tearDown---INFO---43---用例执行结束退出浏览器
2020-04-05 22:00:50,789---page_objects.py---find---INFO---129---悬停至设置按钮, 1 times search, ('xpath', '//*[@id="u1"]/a[9]') 
2020-04-05 22:00:50,789---page_objects.py---find---INFO---129---悬停至设置按钮, 1 times search, ('xpath', '//*[@id="u1"]/a[9]') 
2020-04-05 22:00:50,789---page_objects.py---find---INFO---129---悬停至设置按钮, 1 times search, ('xpath', '//*[@id="u1"]/a[9]') 
2020-04-05 22:00:50,789---page_objects.py---find---INFO---129---悬停至设置按钮, 1 times search, ('xpath', '//*[@id="u1"]/a[9]') 
2020-04-05 22:00:50,789---page_objects.py---find---INFO---129---悬停至设置按钮, 1 times search, ('xpath', '//*[@id="u1"]/a[9]') 
2020-04-05 22:00:51,362---page_objects.py---find---INFO---129---搜索设置按钮, 1 times search, ('css selector', '.setpref[href^=javas]') 
2020-04-05 22:00:51,362---page_objects.py---find---INFO---129---搜索设置按钮, 1 times search, ('css selector', '.setpref[href^=javas]') 
2020-04-05 22:00:51,362---page_objects.py---find---INFO---129---搜索设置按钮, 1 times search, ('css selector', '.setpref[href^=javas]') 
2020-04-05 22:00:51,362---page_objects.py---find---INFO---129---搜索设置按钮, 1 times search, ('css selector', '.setpref[href^=javas]') 
2020-04-05 22:00:51,362---page_objects.py---find---INFO---129---搜索设置按钮, 1 times search, ('css selector', '.setpref[href^=javas]') 
2020-04-05 22:00:51,435---page_objects.py---find---INFO---129---搜索结果显示条目, 1 times search, ('css selector', 'td>select[id=nr]') 
2020-04-05 22:00:51,435---page_objects.py---find---INFO---129---搜索结果显示条目, 1 times search, ('css selector', 'td>select[id=nr]') 
2020-04-05 22:00:51,435---page_objects.py---find---INFO---129---搜索结果显示条目, 1 times search, ('css selector', 'td>select[id=nr]') 
2020-04-05 22:00:51,435---page_objects.py---find---INFO---129---搜索结果显示条目, 1 times search, ('css selector', 'td>select[id=nr]') 
2020-04-05 22:00:51,435---page_objects.py---find---INFO---129---搜索结果显示条目, 1 times search, ('css selector', 'td>select[id=nr]') 
2020-04-05 22:00:52,067---page_objects.py---find---INFO---129---保存按钮, 1 times search, ('css selector', 'div>a[class$=elgo]') 
2020-04-05 22:00:52,067---page_objects.py---find---INFO---129---保存按钮, 1 times search, ('css selector', 'div>a[class$=elgo]') 
2020-04-05 22:00:52,067---page_objects.py---find---INFO---129---保存按钮, 1 times search, ('css selector', 'div>a[class$=elgo]') 
2020-04-05 22:00:52,067---page_objects.py---find---INFO---129---保存按钮, 1 times search, ('css selector', 'div>a[class$=elgo]') 
2020-04-05 22:00:52,067---page_objects.py---find---INFO---129---保存按钮, 1 times search, ('css selector', 'div>a[class$=elgo]') 
2020-04-05 22:00:52,158---page_objects.py---find---INFO---129---, 1 times search, ('css selector', '.s_ipt') 
2020-04-05 22:00:52,158---page_objects.py---find---INFO---129---, 1 times search, ('css selector', '.s_ipt') 
2020-04-05 22:00:52,158---page_objects.py---find---INFO---129---, 1 times search, ('css selector', '.s_ipt') 
2020-04-05 22:00:52,158---page_objects.py---find---INFO---129---, 1 times search, ('css selector', '.s_ipt') 
2020-04-05 22:00:52,158---page_objects.py---find---INFO---129---, 1 times search, ('css selector', '.s_ipt') 
2020-04-05 22:00:52,376---page_objects.py---find---INFO---129---百度一下按钮, 1 times search, ('xpath', "//input[@id='su']") 
2020-04-05 22:00:52,376---page_objects.py---find---INFO---129---百度一下按钮, 1 times search, ('xpath', "//input[@id='su']") 
2020-04-05 22:00:52,376---page_objects.py---find---INFO---129---百度一下按钮, 1 times search, ('xpath', "//input[@id='su']") 
2020-04-05 22:00:52,376---page_objects.py---find---INFO---129---百度一下按钮, 1 times search, ('xpath', "//input[@id='su']") 
2020-04-05 22:00:52,376---page_objects.py---find---INFO---129---百度一下按钮, 1 times search, ('xpath', "//input[@id='su']") 
2020-04-05 22:00:52,456---page_objects.py---find---INFO---129---搜索条目为10, 1 times search, ('xpath', "//*[@id='10']") 
2020-04-05 22:00:52,456---page_objects.py---find---INFO---129---搜索条目为10, 1 times search, ('xpath', "//*[@id='10']") 
2020-04-05 22:00:52,456---page_objects.py---find---INFO---129---搜索条目为10, 1 times search, ('xpath', "//*[@id='10']") 
2020-04-05 22:00:52,456---page_objects.py---find---INFO---129---搜索条目为10, 1 times search, ('xpath', "//*[@id='10']") 
2020-04-05 22:00:52,456---page_objects.py---find---INFO---129---搜索条目为10, 1 times search, ('xpath', "//*[@id='10']") 
2020-04-05 22:00:53,441---page_objects.py---find---INFO---129---悬停至设置按钮, 1 times search, ('xpath', '//*[@id="u1"]/a[9]') 
2020-04-05 22:00:53,441---page_objects.py---find---INFO---129---悬停至设置按钮, 1 times search, ('xpath', '//*[@id="u1"]/a[9]') 
2020-04-05 22:00:53,441---page_objects.py---find---INFO---129---悬停至设置按钮, 1 times search, ('xpath', '//*[@id="u1"]/a[9]') 
2020-04-05 22:00:53,441---page_objects.py---find---INFO---129---悬停至设置按钮, 1 times search, ('xpath', '//*[@id="u1"]/a[9]') 
2020-04-05 22:00:53,441---page_objects.py---find---INFO---129---悬停至设置按钮, 1 times search, ('xpath', '//*[@id="u1"]/a[9]') 
2020-04-05 22:00:53,989---page_objects.py---find---INFO---129---搜索设置按钮, 1 times search, ('css selector', '.setpref[href^=javas]') 
2020-04-05 22:00:53,989---page_objects.py---find---INFO---129---搜索设置按钮, 1 times search, ('css selector', '.setpref[href^=javas]') 
2020-04-05 22:00:53,989---page_objects.py---find---INFO---129---搜索设置按钮, 1 times search, ('css selector', '.setpref[href^=javas]') 
2020-04-05 22:00:53,989---page_objects.py---find---INFO---129---搜索设置按钮, 1 times search, ('css selector', '.setpref[href^=javas]') 
2020-04-05 22:00:53,989---page_objects.py---find---INFO---129---搜索设置按钮, 1 times search, ('css selector', '.setpref[href^=javas]') 
2020-04-05 22:00:54,052---page_objects.py---find---INFO---129---搜索结果显示条目, 1 times search, ('css selector', 'td>select[id=nr]') 
2020-04-05 22:00:54,052---page_objects.py---find---INFO---129---搜索结果显示条目, 1 times search, ('css selector', 'td>select[id=nr]') 
2020-04-05 22:00:54,052---page_objects.py---find---INFO---129---搜索结果显示条目, 1 times search, ('css selector', 'td>select[id=nr]') 
2020-04-05 22:00:54,052---page_objects.py---find---INFO---129---搜索结果显示条目, 1 times search, ('css selector', 'td>select[id=nr]') 
2020-04-05 22:00:54,052---page_objects.py---find---INFO---129---搜索结果显示条目, 1 times search, ('css selector', 'td>select[id=nr]') 
2020-04-05 22:00:54,647---page_objects.py---find---INFO---129---保存按钮, 1 times search, ('css selector', 'div>a[class$=elgo]') 
2020-04-05 22:00:54,647---page_objects.py---find---INFO---129---保存按钮, 1 times search, ('css selector', 'div>a[class$=elgo]') 
2020-04-05 22:00:54,647---page_objects.py---find---INFO---129---保存按钮, 1 times search, ('css selector', 'div>a[class$=elgo]') 
2020-04-05 22:00:54,647---page_objects.py---find---INFO---129---保存按钮, 1 times search, ('css selector', 'div>a[class$=elgo]') 
2020-04-05 22:00:54,647---page_objects.py---find---INFO---129---保存按钮, 1 times search, ('css selector', 'div>a[class$=elgo]') 
2020-04-05 22:00:55,238---page_objects.py---find---INFO---129---, 1 times search, ('css selector', '.s_ipt') 
2020-04-05 22:00:55,238---page_objects.py---find---INFO---129---, 1 times search, ('css selector', '.s_ipt') 
2020-04-05 22:00:55,238---page_objects.py---find---INFO---129---, 1 times search, ('css selector', '.s_ipt') 
2020-04-05 22:00:55,238---page_objects.py---find---INFO---129---, 1 times search, ('css selector', '.s_ipt') 
2020-04-05 22:00:55,238---page_objects.py---find---INFO---129---, 1 times search, ('css selector', '.s_ipt') 
2020-04-05 22:00:55,432---page_objects.py---find---INFO---129---百度一下按钮, 1 times search, ('xpath', "//input[@id='su']") 
2020-04-05 22:00:55,432---page_objects.py---find---INFO---129---百度一下按钮, 1 times search, ('xpath', "//input[@id='su']") 
2020-04-05 22:00:55,432---page_objects.py---find---INFO---129---百度一下按钮, 1 times search, ('xpath', "//input[@id='su']") 
2020-04-05 22:00:55,432---page_objects.py---find---INFO---129---百度一下按钮, 1 times search, ('xpath', "//input[@id='su']") 
2020-04-05 22:00:55,432---page_objects.py---find---INFO---129---百度一下按钮, 1 times search, ('xpath', "//input[@id='su']") 
2020-04-05 22:00:55,507---page_objects.py---find---INFO---129---搜索条目为20, 1 times search, ('xpath', "//*[@id='20']") 
2020-04-05 22:00:55,507---page_objects.py---find---INFO---129---搜索条目为20, 1 times search, ('xpath', "//*[@id='20']") 
2020-04-05 22:00:55,507---page_objects.py---find---INFO---129---搜索条目为20, 1 times search, ('xpath', "//*[@id='20']") 
2020-04-05 22:00:55,507---page_objects.py---find---INFO---129---搜索条目为20, 1 times search, ('xpath', "//*[@id='20']") 
2020-04-05 22:00:55,507---page_objects.py---find---INFO---129---搜索条目为20, 1 times search, ('xpath', "//*[@id='20']") 
2020-04-05 22:00:56,518---page_objects.py---find---INFO---129---悬停至设置按钮, 1 times search, ('xpath', '//*[@id="u1"]/a[9]') 
2020-04-05 22:00:56,518---page_objects.py---find---INFO---129---悬停至设置按钮, 1 times search, ('xpath', '//*[@id="u1"]/a[9]') 
2020-04-05 22:00:56,518---page_objects.py---find---INFO---129---悬停至设置按钮, 1 times search, ('xpath', '//*[@id="u1"]/a[9]') 
2020-04-05 22:00:56,518---page_objects.py---find---INFO---129---悬停至设置按钮, 1 times search, ('xpath', '//*[@id="u1"]/a[9]') 
2020-04-05 22:00:56,518---page_objects.py---find---INFO---129---悬停至设置按钮, 1 times search, ('xpath', '//*[@id="u1"]/a[9]') 
2020-04-05 22:00:57,062---page_objects.py---find---INFO---129---搜索设置按钮, 1 times search, ('css selector', '.setpref[href^=javas]') 
2020-04-05 22:00:57,062---page_objects.py---find---INFO---129---搜索设置按钮, 1 times search, ('css selector', '.setpref[href^=javas]') 
2020-04-05 22:00:57,062---page_objects.py---find---INFO---129---搜索设置按钮, 1 times search, ('css selector', '.setpref[href^=javas]') 
2020-04-05 22:00:57,062---page_objects.py---find---INFO---129---搜索设置按钮, 1 times search, ('css selector', '.setpref[href^=javas]') 
2020-04-05 22:00:57,062---page_objects.py---find---INFO---129---搜索设置按钮, 1 times search, ('css selector', '.setpref[href^=javas]') 
2020-04-05 22:00:57,134---page_objects.py---find---INFO---129---搜索结果显示条目, 1 times search, ('css selector', 'td>select[id=nr]') 
2020-04-05 22:00:57,134---page_objects.py---find---INFO---129---搜索结果显示条目, 1 times search, ('css selector', 'td>select[id=nr]') 
2020-04-05 22:00:57,134---page_objects.py---find---INFO---129---搜索结果显示条目, 1 times search, ('css selector', 'td>select[id=nr]') 
2020-04-05 22:00:57,134---page_objects.py---find---INFO---129---搜索结果显示条目, 1 times search, ('css selector', 'td>select[id=nr]') 
2020-04-05 22:00:57,134---page_objects.py---find---INFO---129---搜索结果显示条目, 1 times search, ('css selector', 'td>select[id=nr]') 
2020-04-05 22:00:57,742---page_objects.py---find---INFO---129---保存按钮, 1 times search, ('css selector', 'div>a[class$=elgo]') 
2020-04-05 22:00:57,742---page_objects.py---find---INFO---129---保存按钮, 1 times search, ('css selector', 'div>a[class$=elgo]') 
2020-04-05 22:00:57,742---page_objects.py---find---INFO---129---保存按钮, 1 times search, ('css selector', 'div>a[class$=elgo]') 
2020-04-05 22:00:57,742---page_objects.py---find---INFO---129---保存按钮, 1 times search, ('css selector', 'div>a[class$=elgo]') 
2020-04-05 22:00:57,742---page_objects.py---find---INFO---129---保存按钮, 1 times search, ('css selector', 'div>a[class$=elgo]') 
2020-04-05 22:00:57,823---page_objects.py---find---INFO---129---, 1 times search, ('css selector', '.s_ipt') 
2020-04-05 22:00:57,823---page_objects.py---find---INFO---129---, 1 times search, ('css selector', '.s_ipt') 
2020-04-05 22:00:57,823---page_objects.py---find---INFO---129---, 1 times search, ('css selector', '.s_ipt') 
2020-04-05 22:00:57,823---page_objects.py---find---INFO---129---, 1 times search, ('css selector', '.s_ipt') 
2020-04-05 22:00:57,823---page_objects.py---find---INFO---129---, 1 times search, ('css selector', '.s_ipt') 
2020-04-05 22:00:58,033---page_objects.py---find---INFO---129---百度一下按钮, 1 times search, ('xpath', "//input[@id='su']") 
2020-04-05 22:00:58,033---page_objects.py---find---INFO---129---百度一下按钮, 1 times search, ('xpath', "//input[@id='su']") 
2020-04-05 22:00:58,033---page_objects.py---find---INFO---129---百度一下按钮, 1 times search, ('xpath', "//input[@id='su']") 
2020-04-05 22:00:58,033---page_objects.py---find---INFO---129---百度一下按钮, 1 times search, ('xpath', "//input[@id='su']") 
2020-04-05 22:00:58,033---page_objects.py---find---INFO---129---百度一下按钮, 1 times search, ('xpath', "//input[@id='su']") 
2020-04-05 22:00:58,116---page_objects.py---find---INFO---129---搜索条目为50, 1 times search, ('xpath', "//*[@id='50']") 
2020-04-05 22:00:58,116---page_objects.py---find---INFO---129---搜索条目为50, 1 times search, ('xpath', "//*[@id='50']") 
2020-04-05 22:00:58,116---page_objects.py---find---INFO---129---搜索条目为50, 1 times search, ('xpath', "//*[@id='50']") 
2020-04-05 22:00:58,116---page_objects.py---find---INFO---129---搜索条目为50, 1 times search, ('xpath', "//*[@id='50']") 
2020-04-05 22:00:58,116---page_objects.py---find---INFO---129---搜索条目为50, 1 times search, ('xpath', "//*[@id='50']") 
